#
# A fatal error has been detected by the Java Runtime Environment:
#
#  EXCEPTION_ACCESS_VIOLATION (0xc0000005) at pc=0x77bc291f, pid=5284, tid=3096
#
# JRE version: Java(TM) SE Runtime Environment (8.0_91-b14) (build 1.8.0_91-b14)
# Java VM: Java HotSpot(TM) Client VM (25.91-b14 mixed mode windows-x86 )
# Problematic frame:
# C  [ntdll.dll+0x5291f]
#
# Failed to write core dump. Minidumps are not enabled by default on client versions of Windows
#
# If you would like to submit a bug report, please visit:
#   http://bugreport.java.com/bugreport/crash.jsp
#

---------------  T H R E A D  ---------------

Current thread (0x140b2400):  JavaThread "JDWP Transport Listener: dt_socket" daemon [_thread_in_vm, id=3096, stack(0x14930000,0x14980000)]

siginfo: ExceptionCode=0xc0000005, reading address 0x7083790c

Registers:
EAX=0x140ea208, EBX=0x1412af58, ECX=0x00180000, EDX=0x1412af58
ESP=0x1497f888, EBP=0x1497f8bc, ESI=0x70837908, EDI=0x1412af50
EIP=0x77bc291f, EFLAGS=0x00010202

Top of Stack: (sp=0x1497f888)
0x1497f888:   00000000 00180000 1412af58 016bed60
0x1497f898:   1497f8a8 1497f8d0 5ffb6d13 140b2400
0x1497f8a8:   79250ce9 00000000 140b2400 00000000
0x1497f8b8:   1412af50 1497f8d4 77bc28d0 001874a0
0x1497f8c8:   140b2400 00000000 1412af50 1497f8e8
0x1497f8d8:   7616c584 00180000 00000000 1412af58
0x1497f8e8:   1497f8fc 61de016a 00180000 00000000
0x1497f8f8:   1412af58 1497f90c 60111183 1412af58 

Instructions: (pc=0x77bc291f)
0x77bc28ff:   7a f8 80 7f 07 05 0f 84 6f f3 03 00 8b 07 8b f7
0x77bc290f:   c1 ee 03 33 f0 33 35 dc 81 c4 77 89 7d fc 33 f1
0x77bc291f:   8b 46 04 89 45 f4 c6 47 07 80 c6 47 06 00 8b 5e
0x77bc292f:   08 8b 4e 0c 89 5d e0 83 c3 01 89 4d e4 83 d1 01 


Register to memory mapping:

EAX=0x140ea208 is an unknown value
EBX=0x1412af58 is an unknown value
ECX=0x00180000 is an unknown value
EDX=0x1412af58 is an unknown value
ESP=0x1497f888 is pointing into the stack for thread: 0x140b2400
EBP=0x1497f8bc is pointing into the stack for thread: 0x140b2400
ESI=0x70837908 is an unknown value
EDI=0x1412af50 is an unknown value


Stack: [0x14930000,0x14980000],  sp=0x1497f888,  free space=318k
Native frames: (J=compiled Java code, j=interpreted, Vv=VM code, C=native code)
C  [ntdll.dll+0x5291f]
C  [ntdll.dll+0x528d0]
C  [kernel32.dll+0x4c584]
C  [msvcr100.dll+0x1016a]
V  [jvm.dll+0x161183]
V  [jvm.dll+0x1103d2]
V  [jvm.dll+0x21f9ad]
C  [jdwp.dll+0x1aa50]
C  [jdwp.dll+0x44e0]
C  [jdwp.dll+0x451e]
C  [SHELL32.dll+0x920000]


---------------  P R O C E S S  ---------------

Java Threads: ( => current thread )
  0x140dfc00 JavaThread "Service Thread" daemon [_thread_blocked, id=2780, stack(0x14870000,0x148c0000)]
  0x140c2400 JavaThread "C1 CompilerThread0" daemon [_thread_blocked, id=2116, stack(0x144e0000,0x14530000)]
  0x140b7c00 JavaThread "JDWP Command Reader" daemon [_thread_in_native, id=3516, stack(0x147c0000,0x14810000)]
  0x140b6c00 JavaThread "JDWP Event Helper Thread" daemon [_thread_blocked, id=4360, stack(0x14330000,0x14380000)]
=>0x140b2400 JavaThread "JDWP Transport Listener: dt_socket" daemon [_thread_in_vm, id=3096, stack(0x14930000,0x14980000)]
  0x140a4800 JavaThread "Attach Listener" daemon [_thread_blocked, id=5124, stack(0x14470000,0x144c0000)]
  0x140a2000 JavaThread "Signal Dispatcher" daemon [_thread_blocked, id=3580, stack(0x14400000,0x14450000)]
  0x14097c00 JavaThread "Finalizer" daemon [_thread_blocked, id=1432, stack(0x03ba0000,0x03bf0000)]
  0x14072c00 JavaThread "Reference Handler" daemon [_thread_blocked, id=2524, stack(0x03a90000,0x03ae0000)]
  0x0018c800 JavaThread "main" [_thread_blocked, id=5956, stack(0x01340000,0x01390000)]

Other Threads:
  0x1406c800 VMThread [stack: 0x03b20000,0x03b70000] [id=5684]
  0x14104800 WatcherThread [stack: 0x149d0000,0x14a20000] [id=5516]

VM state:not at safepoint (normal execution)

VM Mutex/Monitor currently owned by a thread: None

Heap:
 def new generation   total 4928K, used 622K [0x03c00000, 0x04150000, 0x09150000)
  eden space 4416K,  14% used [0x03c00000, 0x03c9bab0, 0x04050000)
  from space 512K,   0% used [0x04050000, 0x04050000, 0x040d0000)
  to   space 512K,   0% used [0x040d0000, 0x040d0000, 0x04150000)
 tenured generation   total 10944K, used 0K [0x09150000, 0x09c00000, 0x13c00000)
   the space 10944K,   0% used [0x09150000, 0x09150000, 0x09150200, 0x09c00000)
 Metaspace       used 1865K, capacity 2312K, committed 2368K, reserved 4480K

Card table byte_map: [0x011f0000,0x01280000] byte_map_base: 0x011d2000

Polling page: 0x000e0000

CodeCache: size=32768Kb used=673Kb max_used=673Kb free=32094Kb
 bounds [0x01a60000, 0x01b10000, 0x03a60000]
 total_blobs=151 nmethods=18 adapters=73
 compilation: enabled

Compilation events (10 events):
Event: 1.069 Thread 0x140c2400   14             java.lang.AbstractStringBuilder::append (29 bytes)
Event: 1.070 Thread 0x140c2400 nmethod 14 0x01b06b08 code [0x01b06c10, 0x01b06d0c]
Event: 1.072 Thread 0x140c2400   15             java.lang.Object::<init> (1 bytes)
Event: 1.072 Thread 0x140c2400 nmethod 15 0x01b06e08 code [0x01b06f00, 0x01b06f90]
Event: 1.126 Thread 0x140c2400   16             java.lang.String::indexOf (166 bytes)
Event: 1.127 Thread 0x140c2400 nmethod 16 0x01b07008 code [0x01b07120, 0x01b07370]
Event: 1.181 Thread 0x140c2400   17             sun.misc.FDBigInteger::mult (64 bytes)
Event: 1.182 Thread 0x140c2400 nmethod 17 0x01b07a08 code [0x01b07b00, 0x01b07cb0]
Event: 185.899 Thread 0x140c2400   18             java.lang.String::replace (127 bytes)
Event: 185.900 Thread 0x140c2400 nmethod 18 0x01b07f88 code [0x01b080a0, 0x01b08330]

GC Heap History (0 events):
No events

Deoptimization events (0 events):
No events

Internal exceptions (2 events):
Event: 0.334 Thread 0x0018c800 Exception <a 'java/lang/NoSuchMethodError': Method sun.misc.Unsafe.defineClass(Ljava/lang/String;[BII)Ljava/lang/Class; name or signature does not match> (0x03c06ea8) thrown at [C:\re\workspace\8-2-build-windows-i586-cygwin\jdk8u91\6644\hotspot\src\share\výÛ(_Õ?
Event: 0.334 Thread 0x0018c800 Exception <a 'java/lang/NoSuchMethodError': Method sun.misc.Unsafe.prefetchRead(Ljava/lang/Object;J)V name or signature does not match> (0x03c07178) thrown at [C:\re\workspace\8-2-build-windows-i586-cygwin\jdk8u91\6644\hotspot\src\share\vm\prims\jni.cpp, l

Events (10 events):
Event: 185.901 loading class sun/security/util/SignatureFileVerifier
Event: 185.901 loading class sun/security/util/SignatureFileVerifier done
Event: 185.901 loading class sun/security/util/ManifestEntryVerifier
Event: 185.902 loading class sun/security/util/ManifestEntryVerifier done
Event: 185.909 Executing VM operation: RedefineClasses
Event: 185.909 Executing VM operation: RedefineClasses done
Event: 186.230 Executing VM operation: ChangeBreakpoints
Event: 186.230 Executing VM operation: ChangeBreakpoints done
Event: 186.231 Executing VM operation: ChangeBreakpoints
Event: 186.231 Executing VM operation: ChangeBreakpoints done


Dynamic libraries:
0x012a0000 - 0x012d3000 	C:\Program Files\Java\jre1.8.0_91\bin\javaw.exe
0x77b70000 - 0x77cb2000 	C:\Windows\SYSTEM32\ntdll.dll
0x76120000 - 0x761f5000 	C:\Windows\system32\kernel32.dll
0x75ba0000 - 0x75beb000 	C:\Windows\system32\KERNELBASE.dll
0x77480000 - 0x77521000 	C:\Windows\system32\ADVAPI32.dll
0x76030000 - 0x760dc000 	C:\Windows\system32\msvcrt.dll
0x77990000 - 0x779a9000 	C:\Windows\SYSTEM32\sechost.dll
0x77d10000 - 0x77db2000 	C:\Windows\system32\RPCRT4.dll
0x773b0000 - 0x77479000 	C:\Windows\system32\USER32.dll
0x75e60000 - 0x75eae000 	C:\Windows\system32\GDI32.dll
0x77cc0000 - 0x77cca000 	C:\Windows\system32\LPK.dll
0x764b0000 - 0x7654d000 	C:\Windows\system32\USP10.dll
0x74a40000 - 0x74bde000 	C:\Windows\WinSxS\x86_microsoft.windows.common-controls_6595b64144ccf1df_6.0.7601.18837_none_41e855142bd5705d\COMCTL32.dll
0x75fd0000 - 0x76027000 	C:\Windows\system32\SHLWAPI.dll
0x760e0000 - 0x760ff000 	C:\Windows\system32\IMM32.DLL
0x77530000 - 0x775fc000 	C:\Windows\system32\MSCTF.dll
0x61dd0000 - 0x61e8f000 	C:\Program Files\Java\jre1.8.0_91\bin\msvcr100.dll
0x5ffb0000 - 0x6037a000 	C:\Program Files\Java\jre1.8.0_91\bin\client\jvm.dll
0x70140000 - 0x70147000 	C:\Windows\system32\WSOCK32.dll
0x77cd0000 - 0x77d05000 	C:\Windows\system32\WS2_32.dll
0x76110000 - 0x76116000 	C:\Windows\system32\NSI.dll
0x70760000 - 0x70792000 	C:\Windows\system32\WINMM.dll
0x74f90000 - 0x74f99000 	C:\Windows\system32\VERSION.dll
0x75f40000 - 0x75f45000 	C:\Windows\system32\PSAPI.DLL
0x64c80000 - 0x64c8c000 	C:\Program Files\Java\jre1.8.0_91\bin\verify.dll
0x64c20000 - 0x64c41000 	C:\Program Files\Java\jre1.8.0_91\bin\java.dll
0x740b0000 - 0x740d9000 	C:\Program Files\Java\jre1.8.0_91\bin\jdwp.dll
0x74180000 - 0x74187000 	C:\Program Files\Java\jre1.8.0_91\bin\npt.dll
0x5ff30000 - 0x5ff43000 	C:\Program Files\Java\jre1.8.0_91\bin\zip.dll
0x76760000 - 0x773ab000 	C:\Windows\system32\SHELL32.dll
0x779b0000 - 0x77b0d000 	C:\Windows\system32\ole32.dll
0x75b30000 - 0x75b3b000 	C:\Windows\system32\profapi.dll
0x74170000 - 0x74178000 	C:\Program Files\Java\jre1.8.0_91\bin\dt_socket.dll
0x73c90000 - 0x73ca0000 	C:\Windows\system32\NLAapi.dll
0x74290000 - 0x742a0000 	C:\Windows\system32\napinsp.dll
0x73e50000 - 0x73e62000 	C:\Windows\system32\pnrpnsp.dll
0x73e40000 - 0x73e4d000 	C:\Windows\system32\wshbth.dll
0x754f0000 - 0x7552c000 	C:\Windows\System32\mswsock.dll
0x753b0000 - 0x753f4000 	C:\Windows\system32\DNSAPI.dll
0x737c0000 - 0x737c8000 	C:\Windows\System32\winrnr.dll
0x73a30000 - 0x73a4c000 	C:\Windows\system32\IPHLPAPI.DLL
0x73a20000 - 0x73a27000 	C:\Windows\system32\WINNSI.DLL
0x723b0000 - 0x723e8000 	C:\Windows\System32\fwpuclnt.dll
0x6f360000 - 0x6f366000 	C:\Windows\system32\rasadhlp.dll
0x75070000 - 0x75075000 	C:\Windows\System32\wshtcpip.dll
0x74ea0000 - 0x74f8b000 	C:\Windows\system32\dbghelp.dll

VM Arguments:
jvm_args: -agentlib:jdwp=transport=dt_socket,suspend=y,address=localhost:49165 -Dfile.encoding=UTF-8 
java_command: hr.fer.zemris.java.fractals.Newton
java_class_path (initial): C:\Users\Ivana\workspace\HW09-1191219614\bin;C:\Users\Ivana\workspace\HW09-1191219614\lib\fractal-viewer-1.0.jar;C:\Users\Ivana\workspace\HW09-1191219614\lib\raytracer-1.0.jar;C:\Users\Ivana\Desktop\New folder (2)\eclipse\plugins\org.junit_4.12.0.v201504281640\junit.jar;C:\Users\Ivana\Desktop\New folder (2)\eclipse\plugins\org.hamcrest.core_1.3.0.v201303031735.jar
Launcher Type: SUN_STANDARD

Environment Variables:
PATH=C:/Program Files/Java/jre1.8.0_91/bin/client;C:/Program Files/Java/jre1.8.0_91/bin;C:/Program Files/Java/jre1.8.0_91/lib/i386;C:\ProgramData\Oracle\Java\javapath;C:\Program Files\AMD APP\bin\x86;C:\Windows\system32;C:\Windows;C:\Windows\System32\Wbem;C:\Windows\System32\WindowsPowerShell\v1.0\;C:\Program Files\ATI Technologies\ATI.ACE\Core-Static;C:\Program Files\Skype\Phone\;C:\Program Files\Java\jdk1.8.0_73\bin;C:\Users\Ivana\Desktop\New folder (2)\eclipse;
USERNAME=Ivana
OS=Windows_NT
PROCESSOR_IDENTIFIER=x86 Family 20 Model 2 Stepping 0, AuthenticAMD



---------------  S Y S T E M  ---------------

OS: Windows 7 Build 7601 (6.1.7601.23392)

CPU:total 2 (2 cores per cpu, 1 threads per core) family 20 model 2 stepping 0, cmov, cx8, fxsr, mmx, sse, sse2, sse3, ssse3, popcnt, mmxext, lzcnt, sse4a, tsc, tscinvbit, tscinv

Memory: 4k page, physical 2466968k(1221536k free), swap 4932220k(3169508k free)

vm_info: Java HotSpot(TM) Client VM (25.91-b14) for windows-x86 JRE (1.8.0_91-b14), built on Apr  1 2016 01:01:28 by "java_re" with MS VC++ 10.0 (VS2010)

time: Tue May 10 20:55:34 2016
elapsed time: 186 seconds (0d 0h 3m 6s)

